TIME_TO_SIMULATE=10
TIME_TO_SIMULATE=10
TIME_TO_SIMULATE=10
S1.1: Log { (1 1) }
S2.1: Log { (1 1) }
S3.1: Log { (1 1) }
S2.1: switched to follower mode.
S1.1: switched to follower mode.
S1.2: switched to candidate mode.
S2.2: switched to candidate mode.
S2.3: switched to candidate mode.
S1.3: switched to follower mode.
S2.3: switched to leader mode.
S3.1: switched to follower mode.
S1.4: switched to candidate mode.
S2.4: switched to follower mode.
S1.4: switched to leader mode.
S3.2: switched to candidate mode.
S3.4: switched to follower mode.
S2.5: switched to candidate mode.
S1.5: switched to follower mode.
S2.5: switched to leader mode.
S3.6: switched to candidate mode.
S2.6: switched to follower mode.
S3.6: switched to leader mode.
S2.7: switched to candidate mode.
S3.7: switched to follower mode.
S1.7: switched to candidate mode.
S2.7: switched to leader mode.
S1.8: switched to candidate mode.
S1.8: switched to leader mode.
S1.9: switched to follower mode.
S3.9: switched to candidate mode.
S3.9: switched to leader mode.
S1.10: switched to candidate mode.
S3.10: switched to follower mode.
S1.11: switched to candidate mode.
S1.11: switched to leader mode.
S2.7: Log { (1 1) }
S2.7: switched to follower mode.
S3.12: switched to candidate mode.
S1.12: switched to follower mode.
S3.12: switched to leader mode.
S2.8: switched to candidate mode.
S2.12: switched to follower mode.
S1.13: switched to candidate mode.
S3.13: switched to follower mode.
S1.13: switched to leader mode.
S1.14: switched to follower mode.
S3.14: switched to candidate mode.
S3.14: switched to leader mode.
S2.15: switched to candidate mode.
S2.15: switched to leader mode.
S3.15: switched to follower mode.
S1.16: switched to candidate mode.
S2.16: switched to follower mode.
S3.16: switched to candidate mode.
S1.16: switched to leader mode.
S1.17: switched to follower mode.
S3.17: switched to candidate mode.
S2.17: switched to candidate mode.
S3.17: switched to leader mode.
S2.18: switched to candidate mode.
S3.18: switched to follower mode.
S1.18: switched to candidate mode.
S2.18: switched to leader mode.
S3.19: switched to candidate mode.
S1.19: switched to candidate mode.
S2.19: switched to follower mode.
S3.19: switched to leader mode.
S1.20: switched to candidate mode.
S1.20: switched to leader mode.
S3.20: switched to follower mode.
S3.21: switched to candidate mode.
S1.21: switched to follower mode.
S3.21: switched to leader mode.
S1.22: switched to candidate mode.
S3.22: switched to follower mode.
S1.22: switched to leader mode.
S1.23: switched to follower mode.
S2.23: switched to candidate mode.
S2.23: switched to leader mode.
S1.24: switched to candidate mode.
S2.24: switched to follower mode.
S1.24: switched to leader mode.
S3.25: switched to candidate mode.
S1.25: switched to follower mode.
S3.25: switched to leader mode.
S2.25: switched to candidate mode.
S1.26: switched to candidate mode.
S2.26: switched to follower mode.
S1.26: switched to leader mode.
S3.26: switched to follower mode.
TIME_TO_SIMULATE=10
S3.27: Log { (1 1) }
S2.27: Log { (1 1) }
S1.26: Log { (1 1) }
S2.27: switched to follower mode.
S1.26: switched to follower mode.
S1.27: switched to candidate mode.
S2.28: switched to candidate mode.
S1.28: switched to candidate mode.
S2.29: switched to candidate mode.
S1.29: switched to candidate mode.
S2.30: switched to candidate mode.
S1.30: switched to follower mode.
S2.30: switched to leader mode.
S3.27: switched to follower mode.
S3.28: switched to candidate mode.
S1.31: switched to candidate mode.
S2.31: switched to follower mode.
S1.31: switched to leader mode.
S3.31: switched to follower mode.
S2.32: switched to candidate mode.
S1.32: switched to follower mode.
S2.32: switched to leader mode.
S3.33: switched to candidate mode.
S1.33: switched to candidate mode.
S3.34: switched to candidate mode.
S1.34: switched to follower mode.
S3.34: switched to leader mode.
S1.35: switched to candidate mode.
S3.35: switched to follower mode.
S1.35: switched to leader mode.
S3.36: switched to candidate mode.
S1.36: switched to follower mode.
S3.36: switched to leader mode.
S2.32: Log { (1 1) }
S1.37: switched to candidate mode.
S3.37: switched to follower mode.
S1.37: switched to leader mode.
S2.32: switched to follower mode.
S3.38: switched to candidate mode.
S1.38: switched to follower mode.
S3.38: switched to leader mode.
S2.33: switched to candidate mode.
S1.39: switched to candidate mode.
S2.34: switched to candidate mode.
S3.39: switched to follower mode.
S1.39: switched to leader mode.
S3.40: switched to candidate mode.
S1.40: switched to follower mode.
S3.40: switched to leader mode.
S1.41: switched to candidate mode.
S3.41: switched to follower mode.
S1.41: switched to leader mode.
S3.42: switched to candidate mode.
S1.42: switched to follower mode.
S3.42: switched to leader mode.
S1.43: switched to candidate mode.
S3.43: switched to follower mode.
S1.43: switched to leader mode.
S3.44: switched to candidate mode.
S1.44: switched to follower mode.
S3.44: switched to leader mode.
S1.45: switched to candidate mode.
S3.45: switched to follower mode.
S1.45: switched to leader mode.
S3.46: switched to candidate mode.
S1.46: switched to follower mode.
S3.46: switched to leader mode.
S1.47: switched to candidate mode.
S3.47: switched to follower mode.
S1.47: switched to leader mode.
S3.48: switched to candidate mode.
S1.48: switched to follower mode.
S3.48: switched to leader mode.
S1.49: switched to candidate mode.
S3.49: switched to follower mode.
S1.49: switched to leader mode.
S3.50: switched to candidate mode.
S1.50: switched to follower mode.
S3.50: switched to leader mode.
TIME_TO_SIMULATE=10
S1.50: Log { (1 1) }
S3.50: Log { (1 1) }
S2.39: Log { (1 1) }
S1.50: switched to follower mode.
S2.39: switched to follower mode.
S1.51: switched to candidate mode.
S2.40: switched to candidate mode.
S2.41: switched to candidate mode.
S1.52: switched to candidate mode.
S2.52: switched to follower mode.
S1.52: switched to leader mode.
S3.50: switched to follower mode.
S3.51: switched to candidate mode.
S3.52: switched to follower mode.
S3.53: switched to candidate mode.
S1.53: switched to follower mode.
S3.53: switched to leader mode.
S1.54: switched to candidate mode.
S3.54: switched to follower mode.
S1.54: switched to leader mode.
S3.55: switched to candidate mode.
S1.55: switched to follower mode.
S3.55: switched to leader mode.
S2.53: Log { (1 1) }
S1.56: switched to candidate mode.
S3.56: switched to follower mode.
S1.56: switched to leader mode.
S3.57: switched to candidate mode.
S1.57: switched to follower mode.
S3.57: switched to leader mode.
S1.58: switched to candidate mode.
S3.58: switched to follower mode.
S1.58: switched to leader mode.
S2.53: switched to follower mode.
S3.59: switched to candidate mode.
S2.54: switched to candidate mode.
S1.59: switched to follower mode.
S2.55: switched to candidate mode.
S2.59: switched to follower mode.
S3.60: switched to candidate mode.
S3.60: switched to leader mode.
TIME_TO_SIMULATE=10
S1.60: Log { (1 1) }
S2.60: Log { (1 1) }
S3.60: Log { (1 1) }
S1.60: switched to follower mode.
S2.60: switched to follower mode.
S2.61: switched to candidate mode.
S1.61: switched to candidate mode.
S3.60: switched to follower mode.
S1.62: switched to candidate mode.
S3.61: switched to candidate mode.
S1.63: switched to candidate mode.
S1.64: switched to candidate mode.
S3.62: switched to candidate mode.
S3.63: switched to candidate mode.
S1.65: switched to candidate mode.
S1.66: switched to candidate mode.
S3.64: switched to candidate mode.
S3.66: switched to follower mode.
S1.66: switched to leader mode.
S2.61: Log { (1 1) }
S2.61: switched to follower mode.
